[debug] [2021-06-29T10:17:00.564Z] ----------------------------------------------------------------------
[debug] [2021-06-29T10:17:00.566Z] Command:       /Users/bahadirsofuoglu/.nvm/versions/node/v10.21.0/bin/node /Users/bahadirsofuoglu/.nvm/versions/node/v10.21.0/bin/firebase init
[debug] [2021-06-29T10:17:00.566Z] CLI Version:   9.1.2
[debug] [2021-06-29T10:17:00.567Z] Platform:      darwin
[debug] [2021-06-29T10:17:00.567Z] Node Version:  v10.21.0
[debug] [2021-06-29T10:17:00.571Z] Time:          Tue Jun 29 2021 13:17:00 GMT+0300 (GMT+03:00)
[debug] [2021-06-29T10:17:00.571Z] ----------------------------------------------------------------------
[debug] [2021-06-29T10:17:00.571Z] 
[debug] [2021-06-29T10:17:00.579Z] > command requires scopes: ["email","openid","https://www.googleapis.com/auth/cloudplatformprojects.readonly","https://www.googleapis.com/auth/firebase","https://www.googleapis.com/auth/cloud-platform"]
[debug] [2021-06-29T10:17:00.580Z] > authorizing via signed-in user
[info] 
     ######## #### ########  ######## ########     ###     ######  ########
     ##        ##  ##     ## ##       ##     ##  ##   ##  ##       ##
     ######    ##  ########  ######   ########  #########  ######  ######
     ##        ##  ##    ##  ##       ##     ## ##     ##       ## ##
     ##       #### ##     ## ######## ########  ##     ##  ######  ########

You're about to initialize a Firebase project in this directory:

  /Users/bahadirsofuoglu/Documents/projects/matching-card-memory-game

Before we get started, keep in mind:

  * You are initializing in an existing Firebase project directory

